<?xml version="1.0" encoding="UTF-8"?>
<testsuites name="AccesViaDashboard" time="97.987" tests="6" failures="2" errors="0">
   <testsuite name="AccesViaDashboard" tests="6" failures="2" errors="0" time="97.987" skipped="0" timestamp="2023-04-25 07:57:04" hostname="alasw - LAPTOP-Q636DFR5" id="Test Suites/AccesViaDashboard">
      <properties>
         <property name="deviceName" value=""/>
         <property name="devicePlatform" value=""/>
         <property name="logFolder" value="C:\\Users\\alasw\\git\\FirstProjectKatalon\\Reports\\20230425_075702\\AccesViaDashboard\\20230425_075702"/>
         <property name="logFiles" value="C:\\Users\\alasw\\git\\FirstProjectKatalon\\Reports\\20230425_075702\\AccesViaDashboard\\20230425_075702\\execution0.log"/>
         <property name="attachments" value="C:\\Users\\alasw\\git\\FirstProjectKatalon\\Reports\\20230425_075702\\AccesViaDashboard\\20230425_075702\\1682402281806.png, C:\\Users\\alasw\\git\\FirstProjectKatalon\\Reports\\20230425_075702\\AccesViaDashboard\\20230425_075702\\1682402281965.png, C:\\Users\\alasw\\git\\FirstProjectKatalon\\Reports\\20230425_075702\\AccesViaDashboard\\20230425_075702\\1682402312118.png, C:\\Users\\alasw\\git\\FirstProjectKatalon\\Reports\\20230425_075702\\AccesViaDashboard\\20230425_075702\\1682402312310.png"/>
         <property name="hostName" value="alasw - LAPTOP-Q636DFR5"/>
         <property name="os" value="Windows 10 64bit"/>
         <property name="katalonVersion" value="8.6.0.208"/>
         <property name="browser" value="Chrome 112.0.0.0"/>
         <property name="hostAddress" value="192.168.1.19"/>
         <property name="sessionId" value="a1fca851f35c0866500ef22cb07d3840"/>
         <property name="seleniumVersion" value="3.141.59"/>
         <property name="proxyInformation" value="ProxyInformation { proxyOption=NO_PROXY, proxyServerType=HTTP, username=, password=********, proxyServerAddress=, proxyServerPort=0, executionList=&quot;&quot;, isApplyToDesiredCapabilities=true }"/>
         <property name="platform" value="Windows 10"/>
      </properties>
      <testcase name="Test Cases/AccessMyReviewsViaDashboradPage" time="9.581" classname="Test Cases/AccessMyReviewsViaDashboradPage" status="PASSED">
         <system-out><![CDATA[2023-04-25 07:57:04 - [TEST_CASE][PASSED] - Test Cases/AccessMyReviewsViaDashboradPage: Test Cases/AccessMyReviewsViaDashboradPage

2023-04-25 07:57:04 - [TEST_STEP][PASSED] - openBrowser(""): Browser is opened with url: ''

2023-04-25 07:57:04 - [MESSAGE][INFO] - Starting 'Chrome' driver

2023-04-25 07:57:04 - [MESSAGE][INFO] - Action delay is set to 0 milliseconds

2023-04-25 07:57:06 - [MESSAGE][PASSED] - Browser is opened with url: ''

2023-04-25 07:57:06 - [TEST_STEP][PASSED] - navigateToUrl("https://opensource-demo.orangehrmlive.com/web/index.php/auth/login"): Navigate to 'https://opensource-demo.orangehrmlive.com/web/index.php/auth/login' successfully

2023-04-25 07:57:07 - [MESSAGE][PASSED] - Navigate to 'https://opensource-demo.orangehrmlive.com/web/index.php/auth/login' successfully

2023-04-25 07:57:07 - [TEST_STEP][PASSED] - setText(findTestObject("Object Repository/New Folder (26)/Page_OrangeHRM/input_Username_username"), "Admin"): Text 'Admin' is set on object 'Object Repository/New Folder (26)/Page_OrangeHRM/input_Username_username'

2023-04-25 07:57:08 - [MESSAGE][PASSED] - Text 'Admin' is set on object 'Object Repository/New Folder (26)/Page_OrangeHRM/input_Username_username'

2023-04-25 07:57:08 - [TEST_STEP][PASSED] - setEncryptedText(findTestObject("Object Repository/New Folder (26)/Page_OrangeHRM/input_Password_password"), "hUKwJTbofgPU9eVlw/CnDQ=="): Text ****** has been set on object 'Object Repository/New Folder (26)/Page_OrangeHRM/input_Password_password'

2023-04-25 07:57:09 - [MESSAGE][PASSED] - Text ****** has been set on object 'Object Repository/New Folder (26)/Page_OrangeHRM/input_Password_password'

2023-04-25 07:57:09 - [TEST_STEP][PASSED] - click(findTestObject("Object Repository/New Folder (26)/Page_OrangeHRM/button_Login")): Object: 'Object Repository/New Folder (26)/Page_OrangeHRM/button_Login' is clicked on

2023-04-25 07:57:10 - [MESSAGE][PASSED] - Object: 'Object Repository/New Folder (26)/Page_OrangeHRM/button_Login' is clicked on

2023-04-25 07:57:10 - [TEST_STEP][PASSED] - click(findTestObject("Object Repository/New Folder (26)/Page_OrangeHRM/p_(1) Pending Self Review")): Object: 'Object Repository/New Folder (26)/Page_OrangeHRM/p_(1) Pending Self Review' is clicked on

2023-04-25 07:57:12 - [MESSAGE][PASSED] - Object: 'Object Repository/New Folder (26)/Page_OrangeHRM/p_(1) Pending Self Review' is clicked on

2023-04-25 07:57:12 - [TEST_STEP][PASSED] - verifyElementPresent(findTestObject("Object Repository/New Folder (26)/Page_OrangeHRM/h6_My Reviews"), 20): Object 'Object Repository/New Folder (26)/Page_OrangeHRM/h6_My Reviews' is present

2023-04-25 07:57:13 - [MESSAGE][PASSED] - Object 'Object Repository/New Folder (26)/Page_OrangeHRM/h6_My Reviews' is present]]></system-out>
         <system-err><![CDATA[]]></system-err>
      </testcase>
      <testcase name="Test Cases/AccessTimesheetViaDashboardPage" time="9.308" classname="Test Cases/AccessTimesheetViaDashboardPage" status="PASSED">
         <system-out><![CDATA[2023-04-25 07:57:13 - [TEST_CASE][PASSED] - Test Cases/AccessTimesheetViaDashboardPage: Test Cases/AccessTimesheetViaDashboardPage

2023-04-25 07:57:14 - [TEST_STEP][PASSED] - openBrowser(""): Browser is opened with url: ''

2023-04-25 07:57:14 - [MESSAGE][WARNING] - A browser is already opened. Closing browser and opening a new one

2023-04-25 07:57:14 - [MESSAGE][INFO] - Starting 'Chrome' driver

2023-04-25 07:57:14 - [MESSAGE][INFO] - Action delay is set to 0 milliseconds

2023-04-25 07:57:15 - [MESSAGE][PASSED] - Browser is opened with url: ''

2023-04-25 07:57:15 - [TEST_STEP][PASSED] - navigateToUrl("https://opensource-demo.orangehrmlive.com/web/index.php/auth/login"): Navigate to 'https://opensource-demo.orangehrmlive.com/web/index.php/auth/login' successfully

2023-04-25 07:57:17 - [MESSAGE][PASSED] - Navigate to 'https://opensource-demo.orangehrmlive.com/web/index.php/auth/login' successfully

2023-04-25 07:57:17 - [TEST_STEP][PASSED] - setText(findTestObject("Object Repository/Page_OrangeHRM/input_Username_username"), "Admin"): Text 'Admin' is set on object 'Object Repository/Page_OrangeHRM/input_Username_username'

2023-04-25 07:57:18 - [MESSAGE][PASSED] - Text 'Admin' is set on object 'Object Repository/Page_OrangeHRM/input_Username_username'

2023-04-25 07:57:18 - [TEST_STEP][PASSED] - setEncryptedText(findTestObject("Object Repository/Page_OrangeHRM/input_Password_password"), "hUKwJTbofgPU9eVlw/CnDQ=="): Text ****** has been set on object 'Object Repository/Page_OrangeHRM/input_Password_password'

2023-04-25 07:57:18 - [MESSAGE][PASSED] - Text ****** has been set on object 'Object Repository/Page_OrangeHRM/input_Password_password'

2023-04-25 07:57:18 - [TEST_STEP][PASSED] - click(findTestObject("Object Repository/Page_OrangeHRM/button_Login")): Object: 'Object Repository/Page_OrangeHRM/button_Login' is clicked on

2023-04-25 07:57:20 - [MESSAGE][PASSED] - Object: 'Object Repository/Page_OrangeHRM/button_Login' is clicked on

2023-04-25 07:57:20 - [TEST_STEP][PASSED] - click(findTestObject("Object Repository/Page_OrangeHRM/p_(9) Timesheets to Approve")): Object: 'Object Repository/Page_OrangeHRM/p_(9) Timesheets to Approve' is clicked on

2023-04-25 07:57:22 - [MESSAGE][PASSED] - Object: 'Object Repository/Page_OrangeHRM/p_(9) Timesheets to Approve' is clicked on

2023-04-25 07:57:22 - [TEST_STEP][PASSED] - verifyElementPresent(findTestObject("Object Repository/Page_OrangeHRM/h6_Select Employee"), 20): Object 'Object Repository/Page_OrangeHRM/h6_Select Employee' is present

2023-04-25 07:57:23 - [MESSAGE][PASSED] - Object 'Object Repository/Page_OrangeHRM/h6_Select Employee' is present]]></system-out>
         <system-err><![CDATA[]]></system-err>
      </testcase>
      <testcase name="Test Cases/AccessTimeTabViaWatchOnDashboard" time="9.191" classname="Test Cases/AccessTimeTabViaWatchOnDashboard" status="PASSED">
         <system-out><![CDATA[2023-04-25 07:57:23 - [TEST_CASE][PASSED] - Test Cases/AccessTimeTabViaWatchOnDashboard: Test Cases/AccessTimeTabViaWatchOnDashboard

2023-04-25 07:57:23 - [TEST_STEP][PASSED] - openBrowser(""): Browser is opened with url: ''

2023-04-25 07:57:23 - [MESSAGE][WARNING] - A browser is already opened. Closing browser and opening a new one

2023-04-25 07:57:23 - [MESSAGE][INFO] - Starting 'Chrome' driver

2023-04-25 07:57:23 - [MESSAGE][INFO] - Action delay is set to 0 milliseconds

2023-04-25 07:57:25 - [MESSAGE][PASSED] - Browser is opened with url: ''

2023-04-25 07:57:25 - [TEST_STEP][PASSED] - navigateToUrl("https://opensource-demo.orangehrmlive.com/web/index.php/auth/login"): Navigate to 'https://opensource-demo.orangehrmlive.com/web/index.php/auth/login' successfully

2023-04-25 07:57:26 - [MESSAGE][PASSED] - Navigate to 'https://opensource-demo.orangehrmlive.com/web/index.php/auth/login' successfully

2023-04-25 07:57:26 - [TEST_STEP][PASSED] - setText(findTestObject("Object Repository/New Folder (7)/Page_OrangeHRM/input_Username_username"), "Admin"): Text 'Admin' is set on object 'Object Repository/New Folder (7)/Page_OrangeHRM/input_Username_username'

2023-04-25 07:57:27 - [MESSAGE][PASSED] - Text 'Admin' is set on object 'Object Repository/New Folder (7)/Page_OrangeHRM/input_Username_username'

2023-04-25 07:57:27 - [TEST_STEP][PASSED] - setEncryptedText(findTestObject("Object Repository/New Folder (7)/Page_OrangeHRM/input_Password_password"), "hUKwJTbofgPU9eVlw/CnDQ=="): Text ****** has been set on object 'Object Repository/New Folder (7)/Page_OrangeHRM/input_Password_password'

2023-04-25 07:57:27 - [MESSAGE][PASSED] - Text ****** has been set on object 'Object Repository/New Folder (7)/Page_OrangeHRM/input_Password_password'

2023-04-25 07:57:27 - [TEST_STEP][PASSED] - click(findTestObject("Object Repository/New Folder (7)/Page_OrangeHRM/button_Login")): Object: 'Object Repository/New Folder (7)/Page_OrangeHRM/button_Login' is clicked on

2023-04-25 07:57:28 - [MESSAGE][PASSED] - Object: 'Object Repository/New Folder (7)/Page_OrangeHRM/button_Login' is clicked on

2023-04-25 07:57:28 - [TEST_STEP][PASSED] - click(findTestObject("Object Repository/New Folder (7)/Page_OrangeHRM/i_Today_oxd-icon bi-stopwatch")): Object: 'Object Repository/New Folder (7)/Page_OrangeHRM/i_Today_oxd-icon bi-stopwatch' is clicked on

2023-04-25 07:57:31 - [MESSAGE][PASSED] - Object: 'Object Repository/New Folder (7)/Page_OrangeHRM/i_Today_oxd-icon bi-stopwatch' is clicked on

2023-04-25 07:57:31 - [TEST_STEP][PASSED] - verifyElementPresent(findTestObject("Object Repository/New Folder (7)/Page_OrangeHRM/h6_Punch In"), 20): Object 'Object Repository/New Folder (7)/Page_OrangeHRM/h6_Punch In' is present

2023-04-25 07:57:32 - [MESSAGE][PASSED] - Object 'Object Repository/New Folder (7)/Page_OrangeHRM/h6_Punch In' is present]]></system-out>
         <system-err><![CDATA[]]></system-err>
      </testcase>
      <testcase name="Test Cases/AccsessRecruitmentViaDashboardPage" time="29.814" classname="Test Cases/AccsessRecruitmentViaDashboardPage" status="FAILED">
         <failure type="FAILED" message="Test Cases/AccsessRecruitmentViaDashboardPage FAILED.
Reason:
com.kms.katalon.core.exception.StepFailedException: Unable to verify object 'Object Repository/New Folder (27)/Page_OrangeHRM/h5_Candidates' is present
	at com.kms.katalon.core.webui.keyword.internal.WebUIKeywordMain.stepFailed(WebUIKeywordMain.groovy:64)
	at com.kms.katalon.core.webui.keyword.internal.WebUIKeywordMain.runKeyword(WebUIKeywordMain.groovy:26)
	at com.kms.katalon.core.webui.keyword.builtin.VerifyElementPresentKeyword.verifyElementPresent(VerifyElementPresentKeyword.groovy:92)
	at com.kms.katalon.core.webui.keyword.builtin.VerifyElementPresentKeyword.execute(VerifyElementPresentKeyword.groovy:68)
	at com.kms.katalon.core.keyword.internal.KeywordExecutor.executeKeywordForPlatform(KeywordExecutor.groovy:74)
	at com.kms.katalon.core.webui.keyword.WebUiBuiltInKeywords.verifyElementPresent(WebUiBuiltInKeywords.groovy:1464)
	at com.kms.katalon.core.webui.keyword.WebUiBuiltInKeywords$verifyElementPresent$4.call(Unknown Source)
	at AccsessRecruitmentViaDashboardPage.run(AccsessRecruitmentViaDashboardPage:32)
	at com.kms.katalon.core.main.ScriptEngine.run(ScriptEngine.java:194)
	at com.kms.katalon.core.main.ScriptEngine.runScriptAsRawText(ScriptEngine.java:119)
	at com.kms.katalon.core.main.TestCaseExecutor.runScript(TestCaseExecutor.java:448)
	at com.kms.katalon.core.main.TestCaseExecutor.doExecute(TestCaseExecutor.java:439)
	at com.kms.katalon.core.main.TestCaseExecutor.processExecutionPhase(TestCaseExecutor.java:418)
	at com.kms.katalon.core.main.TestCaseExecutor.accessMainPhase(TestCaseExecutor.java:410)
	at com.kms.katalon.core.main.TestCaseExecutor.execute(TestCaseExecutor.java:285)
	at com.kms.katalon.core.common.CommonExecutor.accessTestCaseMainPhase(CommonExecutor.java:65)
	at com.kms.katalon.core.main.TestSuiteExecutor.accessTestSuiteMainPhase(TestSuiteExecutor.java:148)
	at com.kms.katalon.core.main.TestSuiteExecutor.execute(TestSuiteExecutor.java:106)
	at com.kms.katalon.core.main.TestCaseMain.startTestSuite(TestCaseMain.java:187)
	at com.kms.katalon.core.main.TestCaseMain$startTestSuite$0.call(Unknown Source)
	at TempTestSuite1682402222232.run(TempTestSuite1682402222232.groovy:36)
Caused by: com.kms.katalon.core.exception.StepFailedException: com.kms.katalon.core.webui.exception.WebElementNotFoundException: Web element with id: 'Object Repository/New Folder (27)/Page_OrangeHRM/h5_Candidates' located by '//div[@id='app']/div/div[2]/div[2]/div/div/div/div/h5' not found
	at com.kms.katalon.core.webui.keyword.internal.WebUIKeywordMain.stepFailed(WebUIKeywordMain.groovy:64)
	at com.kms.katalon.core.webui.keyword.builtin.VerifyElementPresentKeyword$_verifyElementPresent_closure1.doCall(VerifyElementPresentKeyword.groovy:85)
	at com.kms.katalon.core.webui.keyword.builtin.VerifyElementPresentKeyword$_verifyElementPresent_closure1.call(VerifyElementPresentKeyword.groovy)
	at com.kms.katalon.core.webui.keyword.internal.WebUIKeywordMain.runKeyword(WebUIKeywordMain.groovy:20)
	... 19 more
"/>
         <system-out><![CDATA[2023-04-25 07:57:32 - [TEST_CASE][FAILED] - Test Cases/AccsessRecruitmentViaDashboardPage: Test Cases/AccsessRecruitmentViaDashboardPage FAILED.
Reason:
com.kms.katalon.core.exception.StepFailedException: Unable to verify object 'Object Repository/New Folder (27)/Page_OrangeHRM/h5_Candidates' is present
	at com.kms.katalon.core.webui.keyword.internal.WebUIKeywordMain.stepFailed(WebUIKeywordMain.groovy:64)
	at com.kms.katalon.core.webui.keyword.internal.WebUIKeywordMain.runKeyword(WebUIKeywordMain.groovy:26)
	at com.kms.katalon.core.webui.keyword.builtin.VerifyElementPresentKeyword.verifyElementPresent(VerifyElementPresentKeyword.groovy:92)
	at com.kms.katalon.core.webui.keyword.builtin.VerifyElementPresentKeyword.execute(VerifyElementPresentKeyword.groovy:68)
	at com.kms.katalon.core.keyword.internal.KeywordExecutor.executeKeywordForPlatform(KeywordExecutor.groovy:74)
	at com.kms.katalon.core.webui.keyword.WebUiBuiltInKeywords.verifyElementPresent(WebUiBuiltInKeywords.groovy:1464)
	at com.kms.katalon.core.webui.keyword.WebUiBuiltInKeywords$verifyElementPresent$4.call(Unknown Source)
	at AccsessRecruitmentViaDashboardPage.run(AccsessRecruitmentViaDashboardPage:32)
	at com.kms.katalon.core.main.ScriptEngine.run(ScriptEngine.java:194)
	at com.kms.katalon.core.main.ScriptEngine.runScriptAsRawText(ScriptEngine.java:119)
	at com.kms.katalon.core.main.TestCaseExecutor.runScript(TestCaseExecutor.java:448)
	at com.kms.katalon.core.main.TestCaseExecutor.doExecute(TestCaseExecutor.java:439)
	at com.kms.katalon.core.main.TestCaseExecutor.processExecutionPhase(TestCaseExecutor.java:418)
	at com.kms.katalon.core.main.TestCaseExecutor.accessMainPhase(TestCaseExecutor.java:410)
	at com.kms.katalon.core.main.TestCaseExecutor.execute(TestCaseExecutor.java:285)
	at com.kms.katalon.core.common.CommonExecutor.accessTestCaseMainPhase(CommonExecutor.java:65)
	at com.kms.katalon.core.main.TestSuiteExecutor.accessTestSuiteMainPhase(TestSuiteExecutor.java:148)
	at com.kms.katalon.core.main.TestSuiteExecutor.execute(TestSuiteExecutor.java:106)
	at com.kms.katalon.core.main.TestCaseMain.startTestSuite(TestCaseMain.java:187)
	at com.kms.katalon.core.main.TestCaseMain$startTestSuite$0.call(Unknown Source)
	at TempTestSuite1682402222232.run(TempTestSuite1682402222232.groovy:36)
Caused by: com.kms.katalon.core.exception.StepFailedException: com.kms.katalon.core.webui.exception.WebElementNotFoundException: Web element with id: 'Object Repository/New Folder (27)/Page_OrangeHRM/h5_Candidates' located by '//div[@id='app']/div/div[2]/div[2]/div/div/div/div/h5' not found
	at com.kms.katalon.core.webui.keyword.internal.WebUIKeywordMain.stepFailed(WebUIKeywordMain.groovy:64)
	at com.kms.katalon.core.webui.keyword.builtin.VerifyElementPresentKeyword$_verifyElementPresent_closure1.doCall(VerifyElementPresentKeyword.groovy:85)
	at com.kms.katalon.core.webui.keyword.builtin.VerifyElementPresentKeyword$_verifyElementPresent_closure1.call(VerifyElementPresentKeyword.groovy)
	at com.kms.katalon.core.webui.keyword.internal.WebUIKeywordMain.runKeyword(WebUIKeywordMain.groovy:20)
	... 19 more


2023-04-25 07:57:32 - [TEST_STEP][PASSED] - openBrowser(""): Browser is opened with url: ''

2023-04-25 07:57:32 - [MESSAGE][WARNING] - A browser is already opened. Closing browser and opening a new one

2023-04-25 07:57:33 - [MESSAGE][INFO] - Starting 'Chrome' driver

2023-04-25 07:57:33 - [MESSAGE][INFO] - Action delay is set to 0 milliseconds

2023-04-25 07:57:34 - [MESSAGE][PASSED] - Browser is opened with url: ''

2023-04-25 07:57:34 - [TEST_STEP][PASSED] - navigateToUrl("https://opensource-demo.orangehrmlive.com/web/index.php/auth/login"): Navigate to 'https://opensource-demo.orangehrmlive.com/web/index.php/auth/login' successfully

2023-04-25 07:57:35 - [MESSAGE][PASSED] - Navigate to 'https://opensource-demo.orangehrmlive.com/web/index.php/auth/login' successfully

2023-04-25 07:57:35 - [TEST_STEP][PASSED] - setText(findTestObject("Object Repository/New Folder (27)/Page_OrangeHRM/input_Username_username"), "Admin"): Text 'Admin' is set on object 'Object Repository/New Folder (27)/Page_OrangeHRM/input_Username_username'

2023-04-25 07:57:36 - [MESSAGE][PASSED] - Text 'Admin' is set on object 'Object Repository/New Folder (27)/Page_OrangeHRM/input_Username_username'

2023-04-25 07:57:36 - [TEST_STEP][PASSED] - setEncryptedText(findTestObject("Object Repository/New Folder (27)/Page_OrangeHRM/input_Password_password"), "hUKwJTbofgPU9eVlw/CnDQ=="): Text ****** has been set on object 'Object Repository/New Folder (27)/Page_OrangeHRM/input_Password_password'

2023-04-25 07:57:36 - [MESSAGE][PASSED] - Text ****** has been set on object 'Object Repository/New Folder (27)/Page_OrangeHRM/input_Password_password'

2023-04-25 07:57:36 - [TEST_STEP][PASSED] - click(findTestObject("Object Repository/New Folder (27)/Page_OrangeHRM/button_Login")): Object: 'Object Repository/New Folder (27)/Page_OrangeHRM/button_Login' is clicked on

2023-04-25 07:57:38 - [MESSAGE][PASSED] - Object: 'Object Repository/New Folder (27)/Page_OrangeHRM/button_Login' is clicked on

2023-04-25 07:57:38 - [TEST_STEP][PASSED] - click(findTestObject("Object Repository/New Folder (27)/Page_OrangeHRM/p_(1) Candidate to Interview")): Object: 'Object Repository/New Folder (27)/Page_OrangeHRM/p_(1) Candidate to Interview' is clicked on

2023-04-25 07:57:40 - [MESSAGE][PASSED] - Object: 'Object Repository/New Folder (27)/Page_OrangeHRM/p_(1) Candidate to Interview' is clicked on

2023-04-25 07:57:40 - [TEST_STEP][FAILED] - verifyElementPresent(findTestObject("Object Repository/New Folder (27)/Page_OrangeHRM/h5_Candidates"), 20): Unable to verify object 'Object Repository/New Folder (27)/Page_OrangeHRM/h5_Candidates' is present (Root cause: com.kms.katalon.core.exception.StepFailedException: Unable to verify object 'Object Repository/New Folder (27)/Page_OrangeHRM/h5_Candidates' is present
	at com.kms.katalon.core.webui.keyword.internal.WebUIKeywordMain.stepFailed(WebUIKeywordMain.groovy:64)
	at com.kms.katalon.core.webui.keyword.internal.WebUIKeywordMain.runKeyword(WebUIKeywordMain.groovy:26)
	at com.kms.katalon.core.webui.keyword.builtin.VerifyElementPresentKeyword.verifyElementPresent(VerifyElementPresentKeyword.groovy:92)
	at com.kms.katalon.core.webui.keyword.builtin.VerifyElementPresentKeyword.execute(VerifyElementPresentKeyword.groovy:68)
	at com.kms.katalon.core.keyword.internal.KeywordExecutor.executeKeywordForPlatform(KeywordExecutor.groovy:74)
	at com.kms.katalon.core.webui.keyword.WebUiBuiltInKeywords.verifyElementPresent(WebUiBuiltInKeywords.groovy:1464)
	at com.kms.katalon.core.webui.keyword.WebUiBuiltInKeywords$verifyElementPresent$4.call(Unknown Source)
	at AccsessRecruitmentViaDashboardPage.run(AccsessRecruitmentViaDashboardPage:32)
	at com.kms.katalon.core.main.ScriptEngine.run(ScriptEngine.java:194)
	at com.kms.katalon.core.main.ScriptEngine.runScriptAsRawText(ScriptEngine.java:119)
	at com.kms.katalon.core.main.TestCaseExecutor.runScript(TestCaseExecutor.java:448)
	at com.kms.katalon.core.main.TestCaseExecutor.doExecute(TestCaseExecutor.java:439)
	at com.kms.katalon.core.main.TestCaseExecutor.processExecutionPhase(TestCaseExecutor.java:418)
	at com.kms.katalon.core.main.TestCaseExecutor.accessMainPhase(TestCaseExecutor.java:410)
	at com.kms.katalon.core.main.TestCaseExecutor.execute(TestCaseExecutor.java:285)
	at com.kms.katalon.core.common.CommonExecutor.accessTestCaseMainPhase(CommonExecutor.java:65)
	at com.kms.katalon.core.main.TestSuiteExecutor.accessTestSuiteMainPhase(TestSuiteExecutor.java:148)
	at com.kms.katalon.core.main.TestSuiteExecutor.execute(TestSuiteExecutor.java:106)
	at com.kms.katalon.core.main.TestCaseMain.startTestSuite(TestCaseMain.java:187)
	at com.kms.katalon.core.main.TestCaseMain$startTestSuite$0.call(Unknown Source)
	at TempTestSuite1682402222232.run(TempTestSuite1682402222232.groovy:36)
Caused by: com.kms.katalon.core.exception.StepFailedException: com.kms.katalon.core.webui.exception.WebElementNotFoundException: Web element with id: 'Object Repository/New Folder (27)/Page_OrangeHRM/h5_Candidates' located by '//div[@id='app']/div/div[2]/div[2]/div/div/div/div/h5' not found
	at com.kms.katalon.core.webui.keyword.internal.WebUIKeywordMain.stepFailed(WebUIKeywordMain.groovy:64)
	at com.kms.katalon.core.webui.keyword.builtin.VerifyElementPresentKeyword$_verifyElementPresent_closure1.doCall(VerifyElementPresentKeyword.groovy:85)
	at com.kms.katalon.core.webui.keyword.builtin.VerifyElementPresentKeyword$_verifyElementPresent_closure1.call(VerifyElementPresentKeyword.groovy)
	at com.kms.katalon.core.webui.keyword.internal.WebUIKeywordMain.runKeyword(WebUIKeywordMain.groovy:20)
	... 19 more
)

2023-04-25 07:58:01 - [MESSAGE][INFO] - Unable to find the element located by 'By.xpath: //div[@id='app']/div/div[2]/div[2]/div/div/div/div/h5'. Please recheck the objects properties to make sure the desired element is located. 

2023-04-25 07:58:01 - [MESSAGE][FAILED] - com.kms.katalon.core.webui.exception.WebElementNotFoundException: Web element with id: 'Object Repository/New Folder (27)/Page_OrangeHRM/h5_Candidates' located by '//div[@id='app']/div/div[2]/div[2]/div/div/div/div/h5' not found (Root cause: com.kms.katalon.core.exception.StepFailedException: com.kms.katalon.core.webui.exception.WebElementNotFoundException: Web element with id: 'Object Repository/New Folder (27)/Page_OrangeHRM/h5_Candidates' located by '//div[@id='app']/div/div[2]/div[2]/div/div/div/div/h5' not found
	at com.kms.katalon.core.webui.keyword.internal.WebUIKeywordMain.stepFailed(WebUIKeywordMain.groovy:64)
	at com.kms.katalon.core.webui.keyword.builtin.VerifyElementPresentKeyword$_verifyElementPresent_closure1.doCall(VerifyElementPresentKeyword.groovy:85)
	at com.kms.katalon.core.webui.keyword.builtin.VerifyElementPresentKeyword$_verifyElementPresent_closure1.call(VerifyElementPresentKeyword.groovy)
	at com.kms.katalon.core.webui.keyword.internal.WebUIKeywordMain.runKeyword(WebUIKeywordMain.groovy:20)
	at com.kms.katalon.core.webui.keyword.builtin.VerifyElementPresentKeyword.verifyElementPresent(VerifyElementPresentKeyword.groovy:92)
	at com.kms.katalon.core.webui.keyword.builtin.VerifyElementPresentKeyword.execute(VerifyElementPresentKeyword.groovy:68)
	at com.kms.katalon.core.keyword.internal.KeywordExecutor.executeKeywordForPlatform(KeywordExecutor.groovy:74)
	at com.kms.katalon.core.webui.keyword.WebUiBuiltInKeywords.verifyElementPresent(WebUiBuiltInKeywords.groovy:1464)
	at com.kms.katalon.core.webui.keyword.WebUiBuiltInKeywords$verifyElementPresent$4.call(Unknown Source)
	at AccsessRecruitmentViaDashboardPage.run(AccsessRecruitmentViaDashboardPage:32)
	at com.kms.katalon.core.main.ScriptEngine.run(ScriptEngine.java:194)
	at com.kms.katalon.core.main.ScriptEngine.runScriptAsRawText(ScriptEngine.java:119)
	at com.kms.katalon.core.main.TestCaseExecutor.runScript(TestCaseExecutor.java:448)
	at com.kms.katalon.core.main.TestCaseExecutor.doExecute(TestCaseExecutor.java:439)
	at com.kms.katalon.core.main.TestCaseExecutor.processExecutionPhase(TestCaseExecutor.java:418)
	at com.kms.katalon.core.main.TestCaseExecutor.accessMainPhase(TestCaseExecutor.java:410)
	at com.kms.katalon.core.main.TestCaseExecutor.execute(TestCaseExecutor.java:285)
	at com.kms.katalon.core.common.CommonExecutor.accessTestCaseMainPhase(CommonExecutor.java:65)
	at com.kms.katalon.core.main.TestSuiteExecutor.accessTestSuiteMainPhase(TestSuiteExecutor.java:148)
	at com.kms.katalon.core.main.TestSuiteExecutor.execute(TestSuiteExecutor.java:106)
	at com.kms.katalon.core.main.TestCaseMain.startTestSuite(TestCaseMain.java:187)
	at com.kms.katalon.core.main.TestCaseMain$startTestSuite$0.call(Unknown Source)
	at TempTestSuite1682402222232.run(TempTestSuite1682402222232.groovy:36)
)
[[ATTACHMENT|C:\\Users\\alasw\\git\\FirstProjectKatalon\\Reports\\20230425_075702\\AccesViaDashboard\\20230425_075702\\1682402281806.png]]

2023-04-25 07:58:02 - [MESSAGE][FAILED] - Unable to verify object 'Object Repository/New Folder (27)/Page_OrangeHRM/h5_Candidates' is present (Root cause: com.kms.katalon.core.exception.StepFailedException: Unable to verify object 'Object Repository/New Folder (27)/Page_OrangeHRM/h5_Candidates' is present
	at com.kms.katalon.core.webui.keyword.internal.WebUIKeywordMain.stepFailed(WebUIKeywordMain.groovy:64)
	at com.kms.katalon.core.webui.keyword.internal.WebUIKeywordMain.runKeyword(WebUIKeywordMain.groovy:26)
	at com.kms.katalon.core.webui.keyword.builtin.VerifyElementPresentKeyword.verifyElementPresent(VerifyElementPresentKeyword.groovy:92)
	at com.kms.katalon.core.webui.keyword.builtin.VerifyElementPresentKeyword.execute(VerifyElementPresentKeyword.groovy:68)
	at com.kms.katalon.core.keyword.internal.KeywordExecutor.executeKeywordForPlatform(KeywordExecutor.groovy:74)
	at com.kms.katalon.core.webui.keyword.WebUiBuiltInKeywords.verifyElementPresent(WebUiBuiltInKeywords.groovy:1464)
	at com.kms.katalon.core.webui.keyword.WebUiBuiltInKeywords$verifyElementPresent$4.call(Unknown Source)
	at AccsessRecruitmentViaDashboardPage.run(AccsessRecruitmentViaDashboardPage:32)
	at com.kms.katalon.core.main.ScriptEngine.run(ScriptEngine.java:194)
	at com.kms.katalon.core.main.ScriptEngine.runScriptAsRawText(ScriptEngine.java:119)
	at com.kms.katalon.core.main.TestCaseExecutor.runScript(TestCaseExecutor.java:448)
	at com.kms.katalon.core.main.TestCaseExecutor.doExecute(TestCaseExecutor.java:439)
	at com.kms.katalon.core.main.TestCaseExecutor.processExecutionPhase(TestCaseExecutor.java:418)
	at com.kms.katalon.core.main.TestCaseExecutor.accessMainPhase(TestCaseExecutor.java:410)
	at com.kms.katalon.core.main.TestCaseExecutor.execute(TestCaseExecutor.java:285)
	at com.kms.katalon.core.common.CommonExecutor.accessTestCaseMainPhase(CommonExecutor.java:65)
	at com.kms.katalon.core.main.TestSuiteExecutor.accessTestSuiteMainPhase(TestSuiteExecutor.java:148)
	at com.kms.katalon.core.main.TestSuiteExecutor.execute(TestSuiteExecutor.java:106)
	at com.kms.katalon.core.main.TestCaseMain.startTestSuite(TestCaseMain.java:187)
	at com.kms.katalon.core.main.TestCaseMain$startTestSuite$0.call(Unknown Source)
	at TempTestSuite1682402222232.run(TempTestSuite1682402222232.groovy:36)
Caused by: com.kms.katalon.core.exception.StepFailedException: com.kms.katalon.core.webui.exception.WebElementNotFoundException: Web element with id: 'Object Repository/New Folder (27)/Page_OrangeHRM/h5_Candidates' located by '//div[@id='app']/div/div[2]/div[2]/div/div/div/div/h5' not found
	at com.kms.katalon.core.webui.keyword.internal.WebUIKeywordMain.stepFailed(WebUIKeywordMain.groovy:64)
	at com.kms.katalon.core.webui.keyword.builtin.VerifyElementPresentKeyword$_verifyElementPresent_closure1.doCall(VerifyElementPresentKeyword.groovy:85)
	at com.kms.katalon.core.webui.keyword.builtin.VerifyElementPresentKeyword$_verifyElementPresent_closure1.call(VerifyElementPresentKeyword.groovy)
	at com.kms.katalon.core.webui.keyword.internal.WebUIKeywordMain.runKeyword(WebUIKeywordMain.groovy:20)
	... 19 more
)
[[ATTACHMENT|C:\\Users\\alasw\\git\\FirstProjectKatalon\\Reports\\20230425_075702\\AccesViaDashboard\\20230425_075702\\1682402281965.png]]]]></system-out>
         <system-err><![CDATA[2023-04-25 07:57:32 - [TEST_CASE][FAILED] - Test Cases/AccsessRecruitmentViaDashboardPage: Test Cases/AccsessRecruitmentViaDashboardPage FAILED.
Reason:
com.kms.katalon.core.exception.StepFailedException: Unable to verify object 'Object Repository/New Folder (27)/Page_OrangeHRM/h5_Candidates' is present
	at com.kms.katalon.core.webui.keyword.internal.WebUIKeywordMain.stepFailed(WebUIKeywordMain.groovy:64)
	at com.kms.katalon.core.webui.keyword.internal.WebUIKeywordMain.runKeyword(WebUIKeywordMain.groovy:26)
	at com.kms.katalon.core.webui.keyword.builtin.VerifyElementPresentKeyword.verifyElementPresent(VerifyElementPresentKeyword.groovy:92)
	at com.kms.katalon.core.webui.keyword.builtin.VerifyElementPresentKeyword.execute(VerifyElementPresentKeyword.groovy:68)
	at com.kms.katalon.core.keyword.internal.KeywordExecutor.executeKeywordForPlatform(KeywordExecutor.groovy:74)
	at com.kms.katalon.core.webui.keyword.WebUiBuiltInKeywords.verifyElementPresent(WebUiBuiltInKeywords.groovy:1464)
	at com.kms.katalon.core.webui.keyword.WebUiBuiltInKeywords$verifyElementPresent$4.call(Unknown Source)
	at AccsessRecruitmentViaDashboardPage.run(AccsessRecruitmentViaDashboardPage:32)
	at com.kms.katalon.core.main.ScriptEngine.run(ScriptEngine.java:194)
	at com.kms.katalon.core.main.ScriptEngine.runScriptAsRawText(ScriptEngine.java:119)
	at com.kms.katalon.core.main.TestCaseExecutor.runScript(TestCaseExecutor.java:448)
	at com.kms.katalon.core.main.TestCaseExecutor.doExecute(TestCaseExecutor.java:439)
	at com.kms.katalon.core.main.TestCaseExecutor.processExecutionPhase(TestCaseExecutor.java:418)
	at com.kms.katalon.core.main.TestCaseExecutor.accessMainPhase(TestCaseExecutor.java:410)
	at com.kms.katalon.core.main.TestCaseExecutor.execute(TestCaseExecutor.java:285)
	at com.kms.katalon.core.common.CommonExecutor.accessTestCaseMainPhase(CommonExecutor.java:65)
	at com.kms.katalon.core.main.TestSuiteExecutor.accessTestSuiteMainPhase(TestSuiteExecutor.java:148)
	at com.kms.katalon.core.main.TestSuiteExecutor.execute(TestSuiteExecutor.java:106)
	at com.kms.katalon.core.main.TestCaseMain.startTestSuite(TestCaseMain.java:187)
	at com.kms.katalon.core.main.TestCaseMain$startTestSuite$0.call(Unknown Source)
	at TempTestSuite1682402222232.run(TempTestSuite1682402222232.groovy:36)
Caused by: com.kms.katalon.core.exception.StepFailedException: com.kms.katalon.core.webui.exception.WebElementNotFoundException: Web element with id: 'Object Repository/New Folder (27)/Page_OrangeHRM/h5_Candidates' located by '//div[@id='app']/div/div[2]/div[2]/div/div/div/div/h5' not found
	at com.kms.katalon.core.webui.keyword.internal.WebUIKeywordMain.stepFailed(WebUIKeywordMain.groovy:64)
	at com.kms.katalon.core.webui.keyword.builtin.VerifyElementPresentKeyword$_verifyElementPresent_closure1.doCall(VerifyElementPresentKeyword.groovy:85)
	at com.kms.katalon.core.webui.keyword.builtin.VerifyElementPresentKeyword$_verifyElementPresent_closure1.call(VerifyElementPresentKeyword.groovy)
	at com.kms.katalon.core.webui.keyword.internal.WebUIKeywordMain.runKeyword(WebUIKeywordMain.groovy:20)
	... 19 more]]></system-err>
      </testcase>
      <testcase name="Test Cases/BuzzPageCanBeAccessedViaDashboard" time="30.371" classname="Test Cases/BuzzPageCanBeAccessedViaDashboard" status="FAILED">
         <failure type="FAILED" message="Test Cases/BuzzPageCanBeAccessedViaDashboard FAILED.
Reason:
com.kms.katalon.core.exception.StepFailedException: Unable to verify object 'Object Repository/New Folder (36)/Page_OrangeHRM/p_Buzz Newsfeed' is present
	at com.kms.katalon.core.webui.keyword.internal.WebUIKeywordMain.stepFailed(WebUIKeywordMain.groovy:64)
	at com.kms.katalon.core.webui.keyword.internal.WebUIKeywordMain.runKeyword(WebUIKeywordMain.groovy:26)
	at com.kms.katalon.core.webui.keyword.builtin.VerifyElementPresentKeyword.verifyElementPresent(VerifyElementPresentKeyword.groovy:92)
	at com.kms.katalon.core.webui.keyword.builtin.VerifyElementPresentKeyword.execute(VerifyElementPresentKeyword.groovy:68)
	at com.kms.katalon.core.keyword.internal.KeywordExecutor.executeKeywordForPlatform(KeywordExecutor.groovy:74)
	at com.kms.katalon.core.webui.keyword.WebUiBuiltInKeywords.verifyElementPresent(WebUiBuiltInKeywords.groovy:1464)
	at com.kms.katalon.core.webui.keyword.WebUiBuiltInKeywords$verifyElementPresent$4.call(Unknown Source)
	at BuzzPageCanBeAccessedViaDashboard.run(BuzzPageCanBeAccessedViaDashboard:32)
	at com.kms.katalon.core.main.ScriptEngine.run(ScriptEngine.java:194)
	at com.kms.katalon.core.main.ScriptEngine.runScriptAsRawText(ScriptEngine.java:119)
	at com.kms.katalon.core.main.TestCaseExecutor.runScript(TestCaseExecutor.java:448)
	at com.kms.katalon.core.main.TestCaseExecutor.doExecute(TestCaseExecutor.java:439)
	at com.kms.katalon.core.main.TestCaseExecutor.processExecutionPhase(TestCaseExecutor.java:418)
	at com.kms.katalon.core.main.TestCaseExecutor.accessMainPhase(TestCaseExecutor.java:410)
	at com.kms.katalon.core.main.TestCaseExecutor.execute(TestCaseExecutor.java:285)
	at com.kms.katalon.core.common.CommonExecutor.accessTestCaseMainPhase(CommonExecutor.java:65)
	at com.kms.katalon.core.main.TestSuiteExecutor.accessTestSuiteMainPhase(TestSuiteExecutor.java:148)
	at com.kms.katalon.core.main.TestSuiteExecutor.execute(TestSuiteExecutor.java:106)
	at com.kms.katalon.core.main.TestCaseMain.startTestSuite(TestCaseMain.java:187)
	at com.kms.katalon.core.main.TestCaseMain$startTestSuite$0.call(Unknown Source)
	at TempTestSuite1682402222232.run(TempTestSuite1682402222232.groovy:36)
Caused by: com.kms.katalon.core.exception.StepFailedException: com.kms.katalon.core.webui.exception.WebElementNotFoundException: Web element with id: 'Object Repository/New Folder (36)/Page_OrangeHRM/p_Buzz Newsfeed' located by '//div[@id='app']/div/div[2]/div[2]/div/div/div/p' not found
	at com.kms.katalon.core.webui.keyword.internal.WebUIKeywordMain.stepFailed(WebUIKeywordMain.groovy:64)
	at com.kms.katalon.core.webui.keyword.builtin.VerifyElementPresentKeyword$_verifyElementPresent_closure1.doCall(VerifyElementPresentKeyword.groovy:85)
	at com.kms.katalon.core.webui.keyword.builtin.VerifyElementPresentKeyword$_verifyElementPresent_closure1.call(VerifyElementPresentKeyword.groovy)
	at com.kms.katalon.core.webui.keyword.internal.WebUIKeywordMain.runKeyword(WebUIKeywordMain.groovy:20)
	... 19 more
"/>
         <system-out><![CDATA[2023-04-25 07:58:02 - [TEST_CASE][FAILED] - Test Cases/BuzzPageCanBeAccessedViaDashboard: Test Cases/BuzzPageCanBeAccessedViaDashboard FAILED.
Reason:
com.kms.katalon.core.exception.StepFailedException: Unable to verify object 'Object Repository/New Folder (36)/Page_OrangeHRM/p_Buzz Newsfeed' is present
	at com.kms.katalon.core.webui.keyword.internal.WebUIKeywordMain.stepFailed(WebUIKeywordMain.groovy:64)
	at com.kms.katalon.core.webui.keyword.internal.WebUIKeywordMain.runKeyword(WebUIKeywordMain.groovy:26)
	at com.kms.katalon.core.webui.keyword.builtin.VerifyElementPresentKeyword.verifyElementPresent(VerifyElementPresentKeyword.groovy:92)
	at com.kms.katalon.core.webui.keyword.builtin.VerifyElementPresentKeyword.execute(VerifyElementPresentKeyword.groovy:68)
	at com.kms.katalon.core.keyword.internal.KeywordExecutor.executeKeywordForPlatform(KeywordExecutor.groovy:74)
	at com.kms.katalon.core.webui.keyword.WebUiBuiltInKeywords.verifyElementPresent(WebUiBuiltInKeywords.groovy:1464)
	at com.kms.katalon.core.webui.keyword.WebUiBuiltInKeywords$verifyElementPresent$4.call(Unknown Source)
	at BuzzPageCanBeAccessedViaDashboard.run(BuzzPageCanBeAccessedViaDashboard:32)
	at com.kms.katalon.core.main.ScriptEngine.run(ScriptEngine.java:194)
	at com.kms.katalon.core.main.ScriptEngine.runScriptAsRawText(ScriptEngine.java:119)
	at com.kms.katalon.core.main.TestCaseExecutor.runScript(TestCaseExecutor.java:448)
	at com.kms.katalon.core.main.TestCaseExecutor.doExecute(TestCaseExecutor.java:439)
	at com.kms.katalon.core.main.TestCaseExecutor.processExecutionPhase(TestCaseExecutor.java:418)
	at com.kms.katalon.core.main.TestCaseExecutor.accessMainPhase(TestCaseExecutor.java:410)
	at com.kms.katalon.core.main.TestCaseExecutor.execute(TestCaseExecutor.java:285)
	at com.kms.katalon.core.common.CommonExecutor.accessTestCaseMainPhase(CommonExecutor.java:65)
	at com.kms.katalon.core.main.TestSuiteExecutor.accessTestSuiteMainPhase(TestSuiteExecutor.java:148)
	at com.kms.katalon.core.main.TestSuiteExecutor.execute(TestSuiteExecutor.java:106)
	at com.kms.katalon.core.main.TestCaseMain.startTestSuite(TestCaseMain.java:187)
	at com.kms.katalon.core.main.TestCaseMain$startTestSuite$0.call(Unknown Source)
	at TempTestSuite1682402222232.run(TempTestSuite1682402222232.groovy:36)
Caused by: com.kms.katalon.core.exception.StepFailedException: com.kms.katalon.core.webui.exception.WebElementNotFoundException: Web element with id: 'Object Repository/New Folder (36)/Page_OrangeHRM/p_Buzz Newsfeed' located by '//div[@id='app']/div/div[2]/div[2]/div/div/div/p' not found
	at com.kms.katalon.core.webui.keyword.internal.WebUIKeywordMain.stepFailed(WebUIKeywordMain.groovy:64)
	at com.kms.katalon.core.webui.keyword.builtin.VerifyElementPresentKeyword$_verifyElementPresent_closure1.doCall(VerifyElementPresentKeyword.groovy:85)
	at com.kms.katalon.core.webui.keyword.builtin.VerifyElementPresentKeyword$_verifyElementPresent_closure1.call(VerifyElementPresentKeyword.groovy)
	at com.kms.katalon.core.webui.keyword.internal.WebUIKeywordMain.runKeyword(WebUIKeywordMain.groovy:20)
	... 19 more


2023-04-25 07:58:02 - [TEST_STEP][PASSED] - openBrowser(""): Browser is opened with url: ''

2023-04-25 07:58:02 - [MESSAGE][WARNING] - A browser is already opened. Closing browser and opening a new one

2023-04-25 07:58:03 - [MESSAGE][INFO] - Starting 'Chrome' driver

2023-04-25 07:58:03 - [MESSAGE][INFO] - Action delay is set to 0 milliseconds

2023-04-25 07:58:04 - [MESSAGE][PASSED] - Browser is opened with url: ''

2023-04-25 07:58:04 - [TEST_STEP][PASSED] - navigateToUrl("https://opensource-demo.orangehrmlive.com/web/index.php/auth/login"): Navigate to 'https://opensource-demo.orangehrmlive.com/web/index.php/auth/login' successfully

2023-04-25 07:58:05 - [MESSAGE][PASSED] - Navigate to 'https://opensource-demo.orangehrmlive.com/web/index.php/auth/login' successfully

2023-04-25 07:58:05 - [TEST_STEP][PASSED] - setText(findTestObject("Object Repository/New Folder (36)/Page_OrangeHRM/input_Username_username"), "Admin"): Text 'Admin' is set on object 'Object Repository/New Folder (36)/Page_OrangeHRM/input_Username_username'

2023-04-25 07:58:06 - [MESSAGE][PASSED] - Text 'Admin' is set on object 'Object Repository/New Folder (36)/Page_OrangeHRM/input_Username_username'

2023-04-25 07:58:06 - [TEST_STEP][PASSED] - setEncryptedText(findTestObject("Object Repository/New Folder (36)/Page_OrangeHRM/input_Password_password"), "hUKwJTbofgPU9eVlw/CnDQ=="): Text ****** has been set on object 'Object Repository/New Folder (36)/Page_OrangeHRM/input_Password_password'

2023-04-25 07:58:06 - [MESSAGE][PASSED] - Text ****** has been set on object 'Object Repository/New Folder (36)/Page_OrangeHRM/input_Password_password'

2023-04-25 07:58:06 - [TEST_STEP][PASSED] - click(findTestObject("Object Repository/New Folder (36)/Page_OrangeHRM/button_Login")): Object: 'Object Repository/New Folder (36)/Page_OrangeHRM/button_Login' is clicked on

2023-04-25 07:58:08 - [MESSAGE][PASSED] - Object: 'Object Repository/New Folder (36)/Page_OrangeHRM/button_Login' is clicked on

2023-04-25 07:58:08 - [TEST_STEP][PASSED] - click(findTestObject("Object Repository/New Folder (36)/Page_OrangeHRM/a_Buzz")): Object: 'Object Repository/New Folder (36)/Page_OrangeHRM/a_Buzz' is clicked on

2023-04-25 07:58:10 - [MESSAGE][PASSED] - Object: 'Object Repository/New Folder (36)/Page_OrangeHRM/a_Buzz' is clicked on

2023-04-25 07:58:10 - [TEST_STEP][FAILED] - verifyElementPresent(findTestObject("Object Repository/New Folder (36)/Page_OrangeHRM/p_Buzz Newsfeed"), 20): Unable to verify object 'Object Repository/New Folder (36)/Page_OrangeHRM/p_Buzz Newsfeed' is present (Root cause: com.kms.katalon.core.exception.StepFailedException: Unable to verify object 'Object Repository/New Folder (36)/Page_OrangeHRM/p_Buzz Newsfeed' is present
	at com.kms.katalon.core.webui.keyword.internal.WebUIKeywordMain.stepFailed(WebUIKeywordMain.groovy:64)
	at com.kms.katalon.core.webui.keyword.internal.WebUIKeywordMain.runKeyword(WebUIKeywordMain.groovy:26)
	at com.kms.katalon.core.webui.keyword.builtin.VerifyElementPresentKeyword.verifyElementPresent(VerifyElementPresentKeyword.groovy:92)
	at com.kms.katalon.core.webui.keyword.builtin.VerifyElementPresentKeyword.execute(VerifyElementPresentKeyword.groovy:68)
	at com.kms.katalon.core.keyword.internal.KeywordExecutor.executeKeywordForPlatform(KeywordExecutor.groovy:74)
	at com.kms.katalon.core.webui.keyword.WebUiBuiltInKeywords.verifyElementPresent(WebUiBuiltInKeywords.groovy:1464)
	at com.kms.katalon.core.webui.keyword.WebUiBuiltInKeywords$verifyElementPresent$4.call(Unknown Source)
	at BuzzPageCanBeAccessedViaDashboard.run(BuzzPageCanBeAccessedViaDashboard:32)
	at com.kms.katalon.core.main.ScriptEngine.run(ScriptEngine.java:194)
	at com.kms.katalon.core.main.ScriptEngine.runScriptAsRawText(ScriptEngine.java:119)
	at com.kms.katalon.core.main.TestCaseExecutor.runScript(TestCaseExecutor.java:448)
	at com.kms.katalon.core.main.TestCaseExecutor.doExecute(TestCaseExecutor.java:439)
	at com.kms.katalon.core.main.TestCaseExecutor.processExecutionPhase(TestCaseExecutor.java:418)
	at com.kms.katalon.core.main.TestCaseExecutor.accessMainPhase(TestCaseExecutor.java:410)
	at com.kms.katalon.core.main.TestCaseExecutor.execute(TestCaseExecutor.java:285)
	at com.kms.katalon.core.common.CommonExecutor.accessTestCaseMainPhase(CommonExecutor.java:65)
	at com.kms.katalon.core.main.TestSuiteExecutor.accessTestSuiteMainPhase(TestSuiteExecutor.java:148)
	at com.kms.katalon.core.main.TestSuiteExecutor.execute(TestSuiteExecutor.java:106)
	at com.kms.katalon.core.main.TestCaseMain.startTestSuite(TestCaseMain.java:187)
	at com.kms.katalon.core.main.TestCaseMain$startTestSuite$0.call(Unknown Source)
	at TempTestSuite1682402222232.run(TempTestSuite1682402222232.groovy:36)
Caused by: com.kms.katalon.core.exception.StepFailedException: com.kms.katalon.core.webui.exception.WebElementNotFoundException: Web element with id: 'Object Repository/New Folder (36)/Page_OrangeHRM/p_Buzz Newsfeed' located by '//div[@id='app']/div/div[2]/div[2]/div/div/div/p' not found
	at com.kms.katalon.core.webui.keyword.internal.WebUIKeywordMain.stepFailed(WebUIKeywordMain.groovy:64)
	at com.kms.katalon.core.webui.keyword.builtin.VerifyElementPresentKeyword$_verifyElementPresent_closure1.doCall(VerifyElementPresentKeyword.groovy:85)
	at com.kms.katalon.core.webui.keyword.builtin.VerifyElementPresentKeyword$_verifyElementPresent_closure1.call(VerifyElementPresentKeyword.groovy)
	at com.kms.katalon.core.webui.keyword.internal.WebUIKeywordMain.runKeyword(WebUIKeywordMain.groovy:20)
	... 19 more
)

2023-04-25 07:58:32 - [MESSAGE][INFO] - Unable to find the element located by 'By.xpath: //div[@id='app']/div/div[2]/div[2]/div/div/div/p'. Please recheck the objects properties to make sure the desired element is located. 

2023-04-25 07:58:32 - [MESSAGE][FAILED] - com.kms.katalon.core.webui.exception.WebElementNotFoundException: Web element with id: 'Object Repository/New Folder (36)/Page_OrangeHRM/p_Buzz Newsfeed' located by '//div[@id='app']/div/div[2]/div[2]/div/div/div/p' not found (Root cause: com.kms.katalon.core.exception.StepFailedException: com.kms.katalon.core.webui.exception.WebElementNotFoundException: Web element with id: 'Object Repository/New Folder (36)/Page_OrangeHRM/p_Buzz Newsfeed' located by '//div[@id='app']/div/div[2]/div[2]/div/div/div/p' not found
	at com.kms.katalon.core.webui.keyword.internal.WebUIKeywordMain.stepFailed(WebUIKeywordMain.groovy:64)
	at com.kms.katalon.core.webui.keyword.builtin.VerifyElementPresentKeyword$_verifyElementPresent_closure1.doCall(VerifyElementPresentKeyword.groovy:85)
	at com.kms.katalon.core.webui.keyword.builtin.VerifyElementPresentKeyword$_verifyElementPresent_closure1.call(VerifyElementPresentKeyword.groovy)
	at com.kms.katalon.core.webui.keyword.internal.WebUIKeywordMain.runKeyword(WebUIKeywordMain.groovy:20)
	at com.kms.katalon.core.webui.keyword.builtin.VerifyElementPresentKeyword.verifyElementPresent(VerifyElementPresentKeyword.groovy:92)
	at com.kms.katalon.core.webui.keyword.builtin.VerifyElementPresentKeyword.execute(VerifyElementPresentKeyword.groovy:68)
	at com.kms.katalon.core.keyword.internal.KeywordExecutor.executeKeywordForPlatform(KeywordExecutor.groovy:74)
	at com.kms.katalon.core.webui.keyword.WebUiBuiltInKeywords.verifyElementPresent(WebUiBuiltInKeywords.groovy:1464)
	at com.kms.katalon.core.webui.keyword.WebUiBuiltInKeywords$verifyElementPresent$4.call(Unknown Source)
	at BuzzPageCanBeAccessedViaDashboard.run(BuzzPageCanBeAccessedViaDashboard:32)
	at com.kms.katalon.core.main.ScriptEngine.run(ScriptEngine.java:194)
	at com.kms.katalon.core.main.ScriptEngine.runScriptAsRawText(ScriptEngine.java:119)
	at com.kms.katalon.core.main.TestCaseExecutor.runScript(TestCaseExecutor.java:448)
	at com.kms.katalon.core.main.TestCaseExecutor.doExecute(TestCaseExecutor.java:439)
	at com.kms.katalon.core.main.TestCaseExecutor.processExecutionPhase(TestCaseExecutor.java:418)
	at com.kms.katalon.core.main.TestCaseExecutor.accessMainPhase(TestCaseExecutor.java:410)
	at com.kms.katalon.core.main.TestCaseExecutor.execute(TestCaseExecutor.java:285)
	at com.kms.katalon.core.common.CommonExecutor.accessTestCaseMainPhase(CommonExecutor.java:65)
	at com.kms.katalon.core.main.TestSuiteExecutor.accessTestSuiteMainPhase(TestSuiteExecutor.java:148)
	at com.kms.katalon.core.main.TestSuiteExecutor.execute(TestSuiteExecutor.java:106)
	at com.kms.katalon.core.main.TestCaseMain.startTestSuite(TestCaseMain.java:187)
	at com.kms.katalon.core.main.TestCaseMain$startTestSuite$0.call(Unknown Source)
	at TempTestSuite1682402222232.run(TempTestSuite1682402222232.groovy:36)
)
[[ATTACHMENT|C:\\Users\\alasw\\git\\FirstProjectKatalon\\Reports\\20230425_075702\\AccesViaDashboard\\20230425_075702\\1682402312118.png]]

2023-04-25 07:58:32 - [MESSAGE][FAILED] - Unable to verify object 'Object Repository/New Folder (36)/Page_OrangeHRM/p_Buzz Newsfeed' is present (Root cause: com.kms.katalon.core.exception.StepFailedException: Unable to verify object 'Object Repository/New Folder (36)/Page_OrangeHRM/p_Buzz Newsfeed' is present
	at com.kms.katalon.core.webui.keyword.internal.WebUIKeywordMain.stepFailed(WebUIKeywordMain.groovy:64)
	at com.kms.katalon.core.webui.keyword.internal.WebUIKeywordMain.runKeyword(WebUIKeywordMain.groovy:26)
	at com.kms.katalon.core.webui.keyword.builtin.VerifyElementPresentKeyword.verifyElementPresent(VerifyElementPresentKeyword.groovy:92)
	at com.kms.katalon.core.webui.keyword.builtin.VerifyElementPresentKeyword.execute(VerifyElementPresentKeyword.groovy:68)
	at com.kms.katalon.core.keyword.internal.KeywordExecutor.executeKeywordForPlatform(KeywordExecutor.groovy:74)
	at com.kms.katalon.core.webui.keyword.WebUiBuiltInKeywords.verifyElementPresent(WebUiBuiltInKeywords.groovy:1464)
	at com.kms.katalon.core.webui.keyword.WebUiBuiltInKeywords$verifyElementPresent$4.call(Unknown Source)
	at BuzzPageCanBeAccessedViaDashboard.run(BuzzPageCanBeAccessedViaDashboard:32)
	at com.kms.katalon.core.main.ScriptEngine.run(ScriptEngine.java:194)
	at com.kms.katalon.core.main.ScriptEngine.runScriptAsRawText(ScriptEngine.java:119)
	at com.kms.katalon.core.main.TestCaseExecutor.runScript(TestCaseExecutor.java:448)
	at com.kms.katalon.core.main.TestCaseExecutor.doExecute(TestCaseExecutor.java:439)
	at com.kms.katalon.core.main.TestCaseExecutor.processExecutionPhase(TestCaseExecutor.java:418)
	at com.kms.katalon.core.main.TestCaseExecutor.accessMainPhase(TestCaseExecutor.java:410)
	at com.kms.katalon.core.main.TestCaseExecutor.execute(TestCaseExecutor.java:285)
	at com.kms.katalon.core.common.CommonExecutor.accessTestCaseMainPhase(CommonExecutor.java:65)
	at com.kms.katalon.core.main.TestSuiteExecutor.accessTestSuiteMainPhase(TestSuiteExecutor.java:148)
	at com.kms.katalon.core.main.TestSuiteExecutor.execute(TestSuiteExecutor.java:106)
	at com.kms.katalon.core.main.TestCaseMain.startTestSuite(TestCaseMain.java:187)
	at com.kms.katalon.core.main.TestCaseMain$startTestSuite$0.call(Unknown Source)
	at TempTestSuite1682402222232.run(TempTestSuite1682402222232.groovy:36)
Caused by: com.kms.katalon.core.exception.StepFailedException: com.kms.katalon.core.webui.exception.WebElementNotFoundException: Web element with id: 'Object Repository/New Folder (36)/Page_OrangeHRM/p_Buzz Newsfeed' located by '//div[@id='app']/div/div[2]/div[2]/div/div/div/p' not found
	at com.kms.katalon.core.webui.keyword.internal.WebUIKeywordMain.stepFailed(WebUIKeywordMain.groovy:64)
	at com.kms.katalon.core.webui.keyword.builtin.VerifyElementPresentKeyword$_verifyElementPresent_closure1.doCall(VerifyElementPresentKeyword.groovy:85)
	at com.kms.katalon.core.webui.keyword.builtin.VerifyElementPresentKeyword$_verifyElementPresent_closure1.call(VerifyElementPresentKeyword.groovy)
	at com.kms.katalon.core.webui.keyword.internal.WebUIKeywordMain.runKeyword(WebUIKeywordMain.groovy:20)
	... 19 more
)
[[ATTACHMENT|C:\\Users\\alasw\\git\\FirstProjectKatalon\\Reports\\20230425_075702\\AccesViaDashboard\\20230425_075702\\1682402312310.png]]]]></system-out>
         <system-err><![CDATA[2023-04-25 07:58:02 - [TEST_CASE][FAILED] - Test Cases/BuzzPageCanBeAccessedViaDashboard: Test Cases/BuzzPageCanBeAccessedViaDashboard FAILED.
Reason:
com.kms.katalon.core.exception.StepFailedException: Unable to verify object 'Object Repository/New Folder (36)/Page_OrangeHRM/p_Buzz Newsfeed' is present
	at com.kms.katalon.core.webui.keyword.internal.WebUIKeywordMain.stepFailed(WebUIKeywordMain.groovy:64)
	at com.kms.katalon.core.webui.keyword.internal.WebUIKeywordMain.runKeyword(WebUIKeywordMain.groovy:26)
	at com.kms.katalon.core.webui.keyword.builtin.VerifyElementPresentKeyword.verifyElementPresent(VerifyElementPresentKeyword.groovy:92)
	at com.kms.katalon.core.webui.keyword.builtin.VerifyElementPresentKeyword.execute(VerifyElementPresentKeyword.groovy:68)
	at com.kms.katalon.core.keyword.internal.KeywordExecutor.executeKeywordForPlatform(KeywordExecutor.groovy:74)
	at com.kms.katalon.core.webui.keyword.WebUiBuiltInKeywords.verifyElementPresent(WebUiBuiltInKeywords.groovy:1464)
	at com.kms.katalon.core.webui.keyword.WebUiBuiltInKeywords$verifyElementPresent$4.call(Unknown Source)
	at BuzzPageCanBeAccessedViaDashboard.run(BuzzPageCanBeAccessedViaDashboard:32)
	at com.kms.katalon.core.main.ScriptEngine.run(ScriptEngine.java:194)
	at com.kms.katalon.core.main.ScriptEngine.runScriptAsRawText(ScriptEngine.java:119)
	at com.kms.katalon.core.main.TestCaseExecutor.runScript(TestCaseExecutor.java:448)
	at com.kms.katalon.core.main.TestCaseExecutor.doExecute(TestCaseExecutor.java:439)
	at com.kms.katalon.core.main.TestCaseExecutor.processExecutionPhase(TestCaseExecutor.java:418)
	at com.kms.katalon.core.main.TestCaseExecutor.accessMainPhase(TestCaseExecutor.java:410)
	at com.kms.katalon.core.main.TestCaseExecutor.execute(TestCaseExecutor.java:285)
	at com.kms.katalon.core.common.CommonExecutor.accessTestCaseMainPhase(CommonExecutor.java:65)
	at com.kms.katalon.core.main.TestSuiteExecutor.accessTestSuiteMainPhase(TestSuiteExecutor.java:148)
	at com.kms.katalon.core.main.TestSuiteExecutor.execute(TestSuiteExecutor.java:106)
	at com.kms.katalon.core.main.TestCaseMain.startTestSuite(TestCaseMain.java:187)
	at com.kms.katalon.core.main.TestCaseMain$startTestSuite$0.call(Unknown Source)
	at TempTestSuite1682402222232.run(TempTestSuite1682402222232.groovy:36)
Caused by: com.kms.katalon.core.exception.StepFailedException: com.kms.katalon.core.webui.exception.WebElementNotFoundException: Web element with id: 'Object Repository/New Folder (36)/Page_OrangeHRM/p_Buzz Newsfeed' located by '//div[@id='app']/div/div[2]/div[2]/div/div/div/p' not found
	at com.kms.katalon.core.webui.keyword.internal.WebUIKeywordMain.stepFailed(WebUIKeywordMain.groovy:64)
	at com.kms.katalon.core.webui.keyword.builtin.VerifyElementPresentKeyword$_verifyElementPresent_closure1.doCall(VerifyElementPresentKeyword.groovy:85)
	at com.kms.katalon.core.webui.keyword.builtin.VerifyElementPresentKeyword$_verifyElementPresent_closure1.call(VerifyElementPresentKeyword.groovy)
	at com.kms.katalon.core.webui.keyword.internal.WebUIKeywordMain.runKeyword(WebUIKeywordMain.groovy:20)
	... 19 more]]></system-err>
      </testcase>
      <testcase name="Test Cases/AccessLeavePageViaLeaveRequestToApprove" time="9.504" classname="Test Cases/AccessLeavePageViaLeaveRequestToApprove" status="PASSED">
         <system-out><![CDATA[2023-04-25 07:58:32 - [TEST_CASE][PASSED] - Test Cases/AccessLeavePageViaLeaveRequestToApprove: Test Cases/AccessLeavePageViaLeaveRequestToApprove

2023-04-25 07:58:32 - [TEST_STEP][PASSED] - openBrowser(""): Browser is opened with url: ''

2023-04-25 07:58:32 - [MESSAGE][WARNING] - A browser is already opened. Closing browser and opening a new one

2023-04-25 07:58:33 - [MESSAGE][INFO] - Starting 'Chrome' driver

2023-04-25 07:58:33 - [MESSAGE][INFO] - Action delay is set to 0 milliseconds

2023-04-25 07:58:34 - [MESSAGE][PASSED] - Browser is opened with url: ''

2023-04-25 07:58:34 - [TEST_STEP][PASSED] - navigateToUrl("https://opensource-demo.orangehrmlive.com/web/index.php/auth/login"): Navigate to 'https://opensource-demo.orangehrmlive.com/web/index.php/auth/login' successfully

2023-04-25 07:58:35 - [MESSAGE][PASSED] - Navigate to 'https://opensource-demo.orangehrmlive.com/web/index.php/auth/login' successfully

2023-04-25 07:58:35 - [TEST_STEP][PASSED] - setText(findTestObject("Object Repository/Page_OrangeHRM/input_Username_username"), "Admin"): Text 'Admin' is set on object 'Object Repository/Page_OrangeHRM/input_Username_username'

2023-04-25 07:58:36 - [MESSAGE][PASSED] - Text 'Admin' is set on object 'Object Repository/Page_OrangeHRM/input_Username_username'

2023-04-25 07:58:36 - [TEST_STEP][PASSED] - setEncryptedText(findTestObject("Object Repository/Page_OrangeHRM/input_Password_password"), "hUKwJTbofgPU9eVlw/CnDQ=="): Text ****** has been set on object 'Object Repository/Page_OrangeHRM/input_Password_password'

2023-04-25 07:58:37 - [MESSAGE][PASSED] - Text ****** has been set on object 'Object Repository/Page_OrangeHRM/input_Password_password'

2023-04-25 07:58:37 - [TEST_STEP][PASSED] - click(findTestObject("Object Repository/Page_OrangeHRM/button_Login")): Object: 'Object Repository/Page_OrangeHRM/button_Login' is clicked on

2023-04-25 07:58:38 - [MESSAGE][PASSED] - Object: 'Object Repository/Page_OrangeHRM/button_Login' is clicked on

2023-04-25 07:58:38 - [TEST_STEP][PASSED] - click(findTestObject("Object Repository/Page_OrangeHRM/p_(14) Leave Requests to Approve")): Object: 'Object Repository/Page_OrangeHRM/p_(14) Leave Requests to Approve' is clicked on

2023-04-25 07:58:40 - [MESSAGE][PASSED] - Object: 'Object Repository/Page_OrangeHRM/p_(14) Leave Requests to Approve' is clicked on

2023-04-25 07:58:40 - [TEST_STEP][PASSED] - verifyElementPresent(findTestObject("Object Repository/Page_OrangeHRM/div_Leave List"), 20): Object 'Object Repository/Page_OrangeHRM/div_Leave List' is present

2023-04-25 07:58:42 - [MESSAGE][PASSED] - Object 'Object Repository/Page_OrangeHRM/div_Leave List' is present]]></system-out>
         <system-err><![CDATA[]]></system-err>
      </testcase>
      <system-out><![CDATA[2023-04-25 07:57:04 - [TEST_SUITE][FAILED] - AccesViaDashboard: Test Cases/AccsessRecruitmentViaDashboardPage FAILED.
Reason:
com.kms.katalon.core.exception.StepFailedException: Unable to verify object 'Object Repository/New Folder (27)/Page_OrangeHRM/h5_Candidates' is present
	at com.kms.katalon.core.webui.keyword.internal.WebUIKeywordMain.stepFailed(WebUIKeywordMain.groovy:64)
	at com.kms.katalon.core.webui.keyword.internal.WebUIKeywordMain.runKeyword(WebUIKeywordMain.groovy:26)
	at com.kms.katalon.core.webui.keyword.builtin.VerifyElementPresentKeyword.verifyElementPresent(VerifyElementPresentKeyword.groovy:92)
	at com.kms.katalon.core.webui.keyword.builtin.VerifyElementPresentKeyword.execute(VerifyElementPresentKeyword.groovy:68)
	at com.kms.katalon.core.keyword.internal.KeywordExecutor.executeKeywordForPlatform(KeywordExecutor.groovy:74)
	at com.kms.katalon.core.webui.keyword.WebUiBuiltInKeywords.verifyElementPresent(WebUiBuiltInKeywords.groovy:1464)
	at com.kms.katalon.core.webui.keyword.WebUiBuiltInKeywords$verifyElementPresent$4.call(Unknown Source)
	at AccsessRecruitmentViaDashboardPage.run(AccsessRecruitmentViaDashboardPage:32)
	at com.kms.katalon.core.main.ScriptEngine.run(ScriptEngine.java:194)
	at com.kms.katalon.core.main.ScriptEngine.runScriptAsRawText(ScriptEngine.java:119)
	at com.kms.katalon.core.main.TestCaseExecutor.runScript(TestCaseExecutor.java:448)
	at com.kms.katalon.core.main.TestCaseExecutor.doExecute(TestCaseExecutor.java:439)
	at com.kms.katalon.core.main.TestCaseExecutor.processExecutionPhase(TestCaseExecutor.java:418)
	at com.kms.katalon.core.main.TestCaseExecutor.accessMainPhase(TestCaseExecutor.java:410)
	at com.kms.katalon.core.main.TestCaseExecutor.execute(TestCaseExecutor.java:285)
	at com.kms.katalon.core.common.CommonExecutor.accessTestCaseMainPhase(CommonExecutor.java:65)
	at com.kms.katalon.core.main.TestSuiteExecutor.accessTestSuiteMainPhase(TestSuiteExecutor.java:148)
	at com.kms.katalon.core.main.TestSuiteExecutor.execute(TestSuiteExecutor.java:106)
	at com.kms.katalon.core.main.TestCaseMain.startTestSuite(TestCaseMain.java:187)
	at com.kms.katalon.core.main.TestCaseMain$startTestSuite$0.call(Unknown Source)
	at TempTestSuite1682402222232.run(TempTestSuite1682402222232.groovy:36)
Caused by: com.kms.katalon.core.exception.StepFailedException: com.kms.katalon.core.webui.exception.WebElementNotFoundException: Web element with id: 'Object Repository/New Folder (27)/Page_OrangeHRM/h5_Candidates' located by '//div[@id='app']/div/div[2]/div[2]/div/div/div/div/h5' not found
	at com.kms.katalon.core.webui.keyword.internal.WebUIKeywordMain.stepFailed(WebUIKeywordMain.groovy:64)
	at com.kms.katalon.core.webui.keyword.builtin.VerifyElementPresentKeyword$_verifyElementPresent_closure1.doCall(VerifyElementPresentKeyword.groovy:85)
	at com.kms.katalon.core.webui.keyword.builtin.VerifyElementPresentKeyword$_verifyElementPresent_closure1.call(VerifyElementPresentKeyword.groovy)
	at com.kms.katalon.core.webui.keyword.internal.WebUIKeywordMain.runKeyword(WebUIKeywordMain.groovy:20)
	... 19 more]]></system-out>
      <system-err><![CDATA[2023-04-25 07:57:04 - [TEST_SUITE][FAILED] - AccesViaDashboard: Test Cases/AccsessRecruitmentViaDashboardPage FAILED.
Reason:
com.kms.katalon.core.exception.StepFailedException: Unable to verify object 'Object Repository/New Folder (27)/Page_OrangeHRM/h5_Candidates' is present
	at com.kms.katalon.core.webui.keyword.internal.WebUIKeywordMain.stepFailed(WebUIKeywordMain.groovy:64)
	at com.kms.katalon.core.webui.keyword.internal.WebUIKeywordMain.runKeyword(WebUIKeywordMain.groovy:26)
	at com.kms.katalon.core.webui.keyword.builtin.VerifyElementPresentKeyword.verifyElementPresent(VerifyElementPresentKeyword.groovy:92)
	at com.kms.katalon.core.webui.keyword.builtin.VerifyElementPresentKeyword.execute(VerifyElementPresentKeyword.groovy:68)
	at com.kms.katalon.core.keyword.internal.KeywordExecutor.executeKeywordForPlatform(KeywordExecutor.groovy:74)
	at com.kms.katalon.core.webui.keyword.WebUiBuiltInKeywords.verifyElementPresent(WebUiBuiltInKeywords.groovy:1464)
	at com.kms.katalon.core.webui.keyword.WebUiBuiltInKeywords$verifyElementPresent$4.call(Unknown Source)
	at AccsessRecruitmentViaDashboardPage.run(AccsessRecruitmentViaDashboardPage:32)
	at com.kms.katalon.core.main.ScriptEngine.run(ScriptEngine.java:194)
	at com.kms.katalon.core.main.ScriptEngine.runScriptAsRawText(ScriptEngine.java:119)
	at com.kms.katalon.core.main.TestCaseExecutor.runScript(TestCaseExecutor.java:448)
	at com.kms.katalon.core.main.TestCaseExecutor.doExecute(TestCaseExecutor.java:439)
	at com.kms.katalon.core.main.TestCaseExecutor.processExecutionPhase(TestCaseExecutor.java:418)
	at com.kms.katalon.core.main.TestCaseExecutor.accessMainPhase(TestCaseExecutor.java:410)
	at com.kms.katalon.core.main.TestCaseExecutor.execute(TestCaseExecutor.java:285)
	at com.kms.katalon.core.common.CommonExecutor.accessTestCaseMainPhase(CommonExecutor.java:65)
	at com.kms.katalon.core.main.TestSuiteExecutor.accessTestSuiteMainPhase(TestSuiteExecutor.java:148)
	at com.kms.katalon.core.main.TestSuiteExecutor.execute(TestSuiteExecutor.java:106)
	at com.kms.katalon.core.main.TestCaseMain.startTestSuite(TestCaseMain.java:187)
	at com.kms.katalon.core.main.TestCaseMain$startTestSuite$0.call(Unknown Source)
	at TempTestSuite1682402222232.run(TempTestSuite1682402222232.groovy:36)
Caused by: com.kms.katalon.core.exception.StepFailedException: com.kms.katalon.core.webui.exception.WebElementNotFoundException: Web element with id: 'Object Repository/New Folder (27)/Page_OrangeHRM/h5_Candidates' located by '//div[@id='app']/div/div[2]/div[2]/div/div/div/div/h5' not found
	at com.kms.katalon.core.webui.keyword.internal.WebUIKeywordMain.stepFailed(WebUIKeywordMain.groovy:64)
	at com.kms.katalon.core.webui.keyword.builtin.VerifyElementPresentKeyword$_verifyElementPresent_closure1.doCall(VerifyElementPresentKeyword.groovy:85)
	at com.kms.katalon.core.webui.keyword.builtin.VerifyElementPresentKeyword$_verifyElementPresent_closure1.call(VerifyElementPresentKeyword.groovy)
	at com.kms.katalon.core.webui.keyword.internal.WebUIKeywordMain.runKeyword(WebUIKeywordMain.groovy:20)
	... 19 more]]></system-err>
   </testsuite>
</testsuites>
